<?xml version="1.0" encoding="UTF-8"?>
<testng-results skipped="0" failed="0" total="1" passed="1">
  <reporter-output>
  </reporter-output>
  <suite name="Default suite" duration-ms="5514" started-at="2019-08-06T17:22:23Z" finished-at="2019-08-06T17:22:29Z">
    <groups>
    </groups>
    <test name="Default test" duration-ms="5514" started-at="2019-08-06T17:22:23Z" finished-at="2019-08-06T17:22:29Z">
      <class name="googleMapsTests.basics">
        <test-method status="PASS" signature="getPlaceAPI()" name="getPlaceAPI" duration-ms="5491" started-at="2019-08-06T17:22:23Z" finished-at="2019-08-06T17:22:29Z">
        </test-method>
      </class>
    </test>
  </suite>
</testng-results>
