<?xml version="1.0" encoding="UTF-8"?>
<testng-results skipped="0" failed="0" total="1" passed="1">
  <reporter-output>
  </reporter-output>
  <suite name="Default suite" duration-ms="4219" started-at="2019-08-06T12:11:20Z" finished-at="2019-08-06T12:11:24Z">
    <groups>
    </groups>
    <test name="Default test" duration-ms="4219" started-at="2019-08-06T12:11:20Z" finished-at="2019-08-06T12:11:24Z">
      <class name="googleMapsTests.basics3">
        <test-method status="PASS" signature="getData()" name="getData" is-config="true" duration-ms="11" started-at="2019-08-06T12:11:20Z" finished-at="2019-08-06T12:11:20Z">
        </test-method>
        <test-method status="PASS" signature="AddandDeletePlace()" name="AddandDeletePlace" duration-ms="4193" started-at="2019-08-06T12:11:20Z" finished-at="2019-08-06T12:11:24Z">
        </test-method>
      </class>
    </test>
  </suite>
</testng-results>
